<?xml version="1.0" encoding="UTF-8"?>
<!-- Generated by org.testng.reporters.JUnitXMLReporter -->
<testsuite hostname="OLOUGHLI10" name="Surefire test" tests="3" failures="0" timestamp="19 Dec 2016 13:13:50 GMT" time="5.805" errors="0">
  <testcase name="testProxiedFailureMessage on testProxiedFailureMessage(com.hpe.caf.worker.jobtracking.JobTrackingWorkerIT)" time="4.782" classname="com.hpe.caf.worker.jobtracking.JobTrackingWorkerIT"/>
  <testcase name="testProxiedCompletedMessage on testProxiedCompletedMessage(com.hpe.caf.worker.jobtracking.JobTrackingWorkerIT)" time="5.069" classname="com.hpe.caf.worker.jobtracking.JobTrackingWorkerIT"/>
  <testcase name="testProxiedActiveMessage on testProxiedActiveMessage(com.hpe.caf.worker.jobtracking.JobTrackingWorkerIT)" time="5.48" classname="com.hpe.caf.worker.jobtracking.JobTrackingWorkerIT"/>
</testsuite> <!-- Surefire test -->
