<?xml version="1.0" encoding="UTF-8"?>
<testng-results skipped="0" failed="0" total="3" passed="3">
  <reporter-output>
  </reporter-output>
  <suite name="Surefire suite" duration-ms="5805" started-at="2016-12-19T13:13:44Z" finished-at="2016-12-19T13:13:50Z">
    <groups>
    </groups>
    <test name="Surefire test" duration-ms="5805" started-at="2016-12-19T13:13:44Z" finished-at="2016-12-19T13:13:50Z">
      <class name="com.hpe.caf.worker.jobtracking.JobTrackingWorkerIT">
        <test-method status="PASS" signature="testProxiedFailureMessage() throws java.lang.Exception" name="testProxiedFailureMessage" duration-ms="4782" started-at="2016-12-19T13:13:44Z" finished-at="2016-12-19T13:13:49Z">
          <reporter-output>
          </reporter-output>
        </test-method> <!-- testProxiedFailureMessage -->
        <test-method status="PASS" signature="testProxiedCompletedMessage() throws java.lang.Exception" name="testProxiedCompletedMessage" duration-ms="5069" started-at="2016-12-19T13:13:44Z" finished-at="2016-12-19T13:13:50Z">
          <reporter-output>
          </reporter-output>
        </test-method> <!-- testProxiedCompletedMessage -->
        <test-method status="PASS" signature="testProxiedActiveMessage() throws java.lang.Exception" name="testProxiedActiveMessage" duration-ms="5480" started-at="2016-12-19T13:13:44Z" finished-at="2016-12-19T13:13:50Z">
          <reporter-output>
          </reporter-output>
        </test-method> <!-- testProxiedActiveMessage -->
      </class> <!-- com.hpe.caf.worker.jobtracking.JobTrackingWorkerIT -->
    </test> <!-- Surefire test -->
  </suite> <!-- Surefire suite -->
</testng-results>
