<?xml version="1.0" encoding="UTF-8"?>
<testsuite xmlns:xsi="http://www.w3.org/2001/XMLSchema-instance" xsi:schemaLocation="https://maven.apache.org/surefire/maven-surefire-plugin/xsd/surefire-test-report.xsd" name="com.hpe.caf.worker.jobtracking.JobTrackingWorkerIT" time="7.616" tests="3" errors="0" skipped="0" failures="0">
  <properties>
[...]
</properties>
  <testcase name="testProxiedFailureMessage on testProxiedFailureMessage(com.hpe.caf.worker.jobtracking.JobTrackingWorkerIT)" classname="com.hpe.caf.worker.jobtracking.JobTrackingWorkerIT" time="2.413"/>
  <testcase name="testProxiedCompletedMessage on testProxiedCompletedMessage(com.hpe.caf.worker.jobtracking.JobTrackingWorkerIT)" classname="com.hpe.caf.worker.jobtracking.JobTrackingWorkerIT" time="0.294"/>
  <testcase name="testProxiedActiveMessage on testProxiedActiveMessage(com.hpe.caf.worker.jobtracking.JobTrackingWorkerIT)" classname="com.hpe.caf.worker.jobtracking.JobTrackingWorkerIT" time="0.41"/>
</testsuite>